0 info it worked if it ends with ok
1 verbose cli [ '/usr/local/Cellar/node/0.10.18/bin/node',
1 verbose cli   '/usr/local/bin/npm',
1 verbose cli   '-g',
1 verbose cli   'search',
1 verbose cli   'generator' ]
2 info using npm@1.3.8
3 info using node@v0.10.18
4 verbose url raw /-/all/since?stale=update_after&startkey=1379174338746
5 verbose url resolving [ 'https://registry.npmjs.org/',
5 verbose url resolving   './-/all/since?stale=update_after&startkey=1379174338746' ]
6 verbose url resolved https://registry.npmjs.org/-/all/since?stale=update_after&startkey=1379174338746
7 info trying registry request attempt 1 at 00:02:00
8 http GET https://registry.npmjs.org/-/all/since?stale=update_after&startkey=1379174338746
9 http 200 https://registry.npmjs.org/-/all/since?stale=update_after&startkey=1379174338746
10 error Error: EACCES, open '/Users/thorsten/.npm/-/all/.cache.json'
10 error  { [Error: EACCES, open '/Users/thorsten/.npm/-/all/.cache.json']
10 error   errno: 3,
10 error   code: 'EACCES',
10 error   path: '/Users/thorsten/.npm/-/all/.cache.json' }
11 error Please try running this command again as root/Administrator.
12 error System Darwin 12.4.0
13 error command "/usr/local/Cellar/node/0.10.18/bin/node" "/usr/local/bin/npm" "-g" "search" "generator"
14 error cwd /Users/thorsten/dev/private/Conferences/2013_CodeCampNYC
15 error node -v v0.10.18
16 error npm -v 1.3.8
17 error path /Users/thorsten/.npm/-/all/.cache.json
18 error code EACCES
19 error errno 3
20 error stack Error: EACCES, open '/Users/thorsten/.npm/-/all/.cache.json'
21 verbose exit [ 3, true ]
